<?xml version="1.0" encoding="UTF-8"?>
<!-- Generated by org.testng.reporters.JUnitReportReporter -->
<testsuite skipped="0" hostname="SY4-FJZ7Y52" name="com.crm.qa.test.ValidateHomePage" tests="1" failures="0" timestamp="12 Aug 2019 19:36:21 GMT" time="7.838" errors="0">
  <testcase name="validateHomePage" time="7.838" classname="com.crm.qa.test.ValidateHomePage"/>
</testsuite> <!-- com.crm.qa.test.ValidateHomePage -->
