<?xml version="1.0" encoding="UTF-8"?>
<!-- Generated by org.testng.reporters.JUnitReportReporter -->
<testsuite skipped="0" hostname="SY4-FJZ7Y52" name="com.crm.qa.test.ClickOnLinks" tests="4" failures="0" timestamp="12 Aug 2019 19:56:54 GMT" time="4.183" errors="0">
  <testcase name="validateHomePage" time="0.082" classname="com.crm.qa.test.ClickOnLinks"/>
  <testcase name="clickOnDealsLink" time="1.120" classname="com.crm.qa.test.ClickOnLinks"/>
  <testcase name="clickOnCallLink" time="1.827" classname="com.crm.qa.test.ClickOnLinks"/>
  <testcase name="clickOnContactsLink" time="1.154" classname="com.crm.qa.test.ClickOnLinks"/>
</testsuite> <!-- com.crm.qa.test.ClickOnLinks -->
